[2023-09-07 10:43:59] local.INFO: array (
  'Unable to Create Bank' => 'SQLSTATE[HY000]: General error: 1364 Field \'role_id\' doesn\'t have a default value (SQL: insert into `bankers` (`email`, `bank_id`, `is_verified`, `password`, `updated_at`, `created_at`) values (tochukwu@gmail.com, 2, 1, $2y$10$56OFwG8MSWMlngjB.p6wiuHtlcBBn4.i651vmWm4mqnB5VlKW4PhO, 2023-09-07 10:43:59, 2023-09-07 10:43:59))',
)  
[2023-09-07 10:53:27] local.INFO: array (
  'Unable to Create Bank' => 'SQLSTATE[23000]: Integrity constraint violation: 1048 Column \'first_name\' cannot be null (SQL: insert into `banker_profiles` (`first_name`, `last_name`, `phone`, `banker_id`, `updated_at`, `created_at`) values (?, ?, 08130935524, 1, 2023-09-07 10:53:27, 2023-09-07 10:53:27))',
)  
[2023-09-07 10:55:51] local.INFO: array (
  'Unable to Create Bank' => 'SQLSTATE[23000]: Integrity constraint violation: 1048 Column \'phone\' cannot be null (SQL: insert into `banker_profiles` (`first_name`, `last_name`, `phone`, `banker_id`, `updated_at`, `created_at`) values (Tochukwu, Alex, ?, 2, 2023-09-07 10:55:51, 2023-09-07 10:55:51))',
)  
[2023-09-07 10:58:26] local.INFO: array (
  'Unable to Create Bank' => 'Call to undefined method App\\Models\\Banker::name()',
)  
[2023-09-07 11:18:12] local.INFO: array (
  'Unable to Create Bank' => 'Call to undefined method App\\Models\\Bank::name()',
)  
[2023-09-07 11:20:54] local.INFO: array (
  'Unable to Create Bank' => 'SQLSTATE[42S22]: Column not found: 1054 Unknown column \'banker_profiles.auditor_id\' in \'where clause\' (SQL: select * from `banker_profiles` where `banker_profiles`.`auditor_id` = 5 and `banker_profiles`.`auditor_id` is not null and `banker_profiles`.`deleted_at` is null limit 1)',
)  
[2023-09-07 11:28:05] local.ERROR: SQLSTATE[42S22]: Column not found: 1054 Unknown column 'banker_profiles.auditor_id' in 'where clause' (SQL: select * from `banker_profiles` where `banker_profiles`.`auditor_id` = 6 and `banker_profiles`.`auditor_id` is not null and `banker_profiles`.`deleted_at` is null limit 1) {"userId":1,"exception":"[object] (Illuminate\\Database\\QueryException(code: 42S22): SQLSTATE[42S22]: Column not found: 1054 Unknown column 'banker_profiles.auditor_id' in 'where clause' (SQL: select * from `banker_profiles` where `banker_profiles`.`auditor_id` = 6 and `banker_profiles`.`auditor_id` is not null and `banker_profiles`.`deleted_at` is null limit 1) at /Users/chukwuemekainya/Sites/audit-confirmation/admin/vendor/laravel/framework/src/Illuminate/Database/Connection.php:712)
[stacktrace]
#0 /Users/chukwuemekainya/Sites/audit-confirmation/admin/vendor/laravel/framework/src/Illuminate/Database/Connection.php(672): Illuminate\\Database\\Connection->runQueryCallback('select * from `...', Array, Object(Closure))
#1 /Users/chukwuemekainya/Sites/audit-confirmation/admin/vendor/laravel/framework/src/Illuminate/Database/Connection.php(359): Illuminate\\Database\\Connection->run('select * from `...', Array, Object(Closure))
#2 /Users/chukwuemekainya/Sites/audit-confirmation/admin/vendor/laravel/framework/src/Illuminate/Database/Query/Builder.php(2413): Illuminate\\Database\\Connection->select('select * from `...', Array, true)
#3 /Users/chukwuemekainya/Sites/audit-confirmation/admin/vendor/laravel/framework/src/Illuminate/Database/Query/Builder.php(2402): Illuminate\\Database\\Query\\Builder->runSelect()
#4 /Users/chukwuemekainya/Sites/audit-confirmation/admin/vendor/laravel/framework/src/Illuminate/Database/Query/Builder.php(2936): Illuminate\\Database\\Query\\Builder->Illuminate\\Database\\Query\\{closure}()
#5 /Users/chukwuemekainya/Sites/audit-confirmation/admin/vendor/laravel/framework/src/Illuminate/Database/Query/Builder.php(2401): Illuminate\\Database\\Query\\Builder->onceWithColumns(Array, Object(Closure))
#6 /Users/chukwuemekainya/Sites/audit-confirmation/admin/vendor/laravel/framework/src/Illuminate/Database/Eloquent/Builder.php(625): Illuminate\\Database\\Query\\Builder->get(Array)
#7 /Users/chukwuemekainya/Sites/audit-confirmation/admin/vendor/laravel/framework/src/Illuminate/Database/Eloquent/Builder.php(609): Illuminate\\Database\\Eloquent\\Builder->getModels(Array)
#8 /Users/chukwuemekainya/Sites/audit-confirmation/admin/vendor/laravel/framework/src/Illuminate/Database/Concerns/BuildsQueries.php(294): Illuminate\\Database\\Eloquent\\Builder->get(Array)
#9 /Users/chukwuemekainya/Sites/audit-confirmation/admin/vendor/laravel/framework/src/Illuminate/Database/Eloquent/Relations/HasOne.php(29): Illuminate\\Database\\Eloquent\\Builder->first()
#10 /Users/chukwuemekainya/Sites/audit-confirmation/admin/vendor/laravel/framework/src/Illuminate/Database/Eloquent/Concerns/HasAttributes.php(553): Illuminate\\Database\\Eloquent\\Relations\\HasOne->getResults()
#11 /Users/chukwuemekainya/Sites/audit-confirmation/admin/vendor/laravel/framework/src/Illuminate/Database/Eloquent/Concerns/HasAttributes.php(491): Illuminate\\Database\\Eloquent\\Model->getRelationshipFromMethod('profile')
#12 /Users/chukwuemekainya/Sites/audit-confirmation/admin/vendor/laravel/framework/src/Illuminate/Database/Eloquent/Concerns/HasAttributes.php(440): Illuminate\\Database\\Eloquent\\Model->getRelationValue('profile')
#13 /Users/chukwuemekainya/Sites/audit-confirmation/admin/vendor/laravel/framework/src/Illuminate/Database/Eloquent/Model.php(2029): Illuminate\\Database\\Eloquent\\Model->getAttribute('profile')
#14 /Users/chukwuemekainya/Sites/audit-confirmation/admin/app/Models/Banker.php(19): Illuminate\\Database\\Eloquent\\Model->__get('profile')
#15 /Users/chukwuemekainya/Sites/audit-confirmation/admin/app/Jobs/AddBankerJob.php(48): App\\Models\\Banker->name()
#16 /Users/chukwuemekainya/Sites/audit-confirmation/admin/vendor/laravel/framework/src/Illuminate/Container/BoundMethod.php(36): App\\Jobs\\AddBankerJob->handle()
#17 /Users/chukwuemekainya/Sites/audit-confirmation/admin/vendor/laravel/framework/src/Illuminate/Container/Util.php(40): Illuminate\\Container\\BoundMethod::Illuminate\\Container\\{closure}()
#18 /Users/chukwuemekainya/Sites/audit-confirmation/admin/vendor/laravel/framework/src/Illuminate/Container/BoundMethod.php(93): Illuminate\\Container\\Util::unwrapIfClosure(Object(Closure))
#19 /Users/chukwuemekainya/Sites/audit-confirmation/admin/vendor/laravel/framework/src/Illuminate/Container/BoundMethod.php(35): Illuminate\\Container\\BoundMethod::callBoundMethod(Object(Illuminate\\Foundation\\Application), Array, Object(Closure))
#20 /Users/chukwuemekainya/Sites/audit-confirmation/admin/vendor/laravel/framework/src/Illuminate/Container/Container.php(653): Illuminate\\Container\\BoundMethod::call(Object(Illuminate\\Foundation\\Application), Array, Array, NULL)
#21 /Users/chukwuemekainya/Sites/audit-confirmation/admin/vendor/laravel/framework/src/Illuminate/Bus/Dispatcher.php(128): Illuminate\\Container\\Container->call(Array)
#22 /Users/chukwuemekainya/Sites/audit-confirmation/admin/vendor/laravel/framework/src/Illuminate/Pipeline/Pipeline.php(128): Illuminate\\Bus\\Dispatcher->Illuminate\\Bus\\{closure}(Object(App\\Jobs\\AddBankerJob))
#23 /Users/chukwuemekainya/Sites/audit-confirmation/admin/vendor/laravel/framework/src/Illuminate/Pipeline/Pipeline.php(103): Illuminate\\Pipeline\\Pipeline->Illuminate\\Pipeline\\{closure}(Object(App\\Jobs\\AddBankerJob))
#24 /Users/chukwuemekainya/Sites/audit-confirmation/admin/vendor/laravel/framework/src/Illuminate/Bus/Dispatcher.php(132): Illuminate\\Pipeline\\Pipeline->then(Object(Closure))
#25 /Users/chukwuemekainya/Sites/audit-confirmation/admin/vendor/laravel/framework/src/Illuminate/Queue/CallQueuedHandler.php(119): Illuminate\\Bus\\Dispatcher->dispatchNow(Object(App\\Jobs\\AddBankerJob), false)
#26 /Users/chukwuemekainya/Sites/audit-confirmation/admin/vendor/laravel/framework/src/Illuminate/Pipeline/Pipeline.php(128): Illuminate\\Queue\\CallQueuedHandler->Illuminate\\Queue\\{closure}(Object(App\\Jobs\\AddBankerJob))
#27 /Users/chukwuemekainya/Sites/audit-confirmation/admin/vendor/laravel/framework/src/Illuminate/Pipeline/Pipeline.php(103): Illuminate\\Pipeline\\Pipeline->Illuminate\\Pipeline\\{closure}(Object(App\\Jobs\\AddBankerJob))
#28 /Users/chukwuemekainya/Sites/audit-confirmation/admin/vendor/laravel/framework/src/Illuminate/Queue/CallQueuedHandler.php(118): Illuminate\\Pipeline\\Pipeline->then(Object(Closure))
#29 /Users/chukwuemekainya/Sites/audit-confirmation/admin/vendor/laravel/framework/src/Illuminate/Queue/CallQueuedHandler.php(70): Illuminate\\Queue\\CallQueuedHandler->dispatchThroughMiddleware(Object(Illuminate\\Queue\\Jobs\\SyncJob), Object(App\\Jobs\\AddBankerJob))
#30 /Users/chukwuemekainya/Sites/audit-confirmation/admin/vendor/laravel/framework/src/Illuminate/Queue/Jobs/Job.php(98): Illuminate\\Queue\\CallQueuedHandler->call(Object(Illuminate\\Queue\\Jobs\\SyncJob), Array)
#31 /Users/chukwuemekainya/Sites/audit-confirmation/admin/vendor/laravel/framework/src/Illuminate/Queue/SyncQueue.php(43): Illuminate\\Queue\\Jobs\\Job->fire()
#32 /Users/chukwuemekainya/Sites/audit-confirmation/admin/vendor/laravel/framework/src/Illuminate/Bus/Dispatcher.php(253): Illuminate\\Queue\\SyncQueue->push(Object(App\\Jobs\\AddBankerJob))
#33 /Users/chukwuemekainya/Sites/audit-confirmation/admin/vendor/laravel/framework/src/Illuminate/Bus/Dispatcher.php(229): Illuminate\\Bus\\Dispatcher->pushCommandToQueue(Object(Illuminate\\Queue\\SyncQueue), Object(App\\Jobs\\AddBankerJob))
#34 /Users/chukwuemekainya/Sites/audit-confirmation/admin/vendor/laravel/framework/src/Illuminate/Bus/Dispatcher.php(77): Illuminate\\Bus\\Dispatcher->dispatchToQueue(Object(App\\Jobs\\AddBankerJob))
#35 /Users/chukwuemekainya/Sites/audit-confirmation/admin/vendor/laravel/framework/src/Illuminate/Foundation/Bus/PendingDispatch.php(193): Illuminate\\Bus\\Dispatcher->dispatch(Object(App\\Jobs\\AddBankerJob))
#36 /Users/chukwuemekainya/Sites/audit-confirmation/admin/vendor/laravel/framework/src/Illuminate/Foundation/Bus/Dispatchable.php(17): Illuminate\\Foundation\\Bus\\PendingDispatch->__destruct()
#37 /Users/chukwuemekainya/Sites/audit-confirmation/admin/app/Http/Controllers/BankController.php(77): App\\Jobs\\AddBankerJob::dispatch(Object(App\\Models\\Bank), Object(App\\Models\\Banker), '$2y$10$ZbAQrWgt...')
#38 /Users/chukwuemekainya/Sites/audit-confirmation/admin/vendor/laravel/framework/src/Illuminate/Routing/Controller.php(54): App\\Http\\Controllers\\BankController->store(Object(App\\Http\\Requests\\BankRequest))
#39 /Users/chukwuemekainya/Sites/audit-confirmation/admin/vendor/laravel/framework/src/Illuminate/Routing/ControllerDispatcher.php(45): Illuminate\\Routing\\Controller->callAction('store', Array)
#40 /Users/chukwuemekainya/Sites/audit-confirmation/admin/vendor/laravel/framework/src/Illuminate/Routing/Route.php(261): Illuminate\\Routing\\ControllerDispatcher->dispatch(Object(Illuminate\\Routing\\Route), Object(App\\Http\\Controllers\\BankController), 'store')
#41 /Users/chukwuemekainya/Sites/audit-confirmation/admin/vendor/laravel/framework/src/Illuminate/Routing/Route.php(205): Illuminate\\Routing\\Route->runController()
#42 /Users/chukwuemekainya/Sites/audit-confirmation/admin/vendor/laravel/framework/src/Illuminate/Routing/Router.php(721): Illuminate\\Routing\\Route->run()
#43 /Users/chukwuemekainya/Sites/audit-confirmation/admin/vendor/laravel/framework/src/Illuminate/Pipeline/Pipeline.php(128): Illuminate\\Routing\\Router->Illuminate\\Routing\\{closure}(Object(Illuminate\\Http\\Request))
#44 /Users/chukwuemekainya/Sites/audit-confirmation/admin/app/Http/Middleware/BlockedMiddleware.php(24): Illuminate\\Pipeline\\Pipeline->Illuminate\\Pipeline\\{closure}(Object(Illuminate\\Http\\Request))
#45 /Users/chukwuemekainya/Sites/audit-confirmation/admin/vendor/laravel/framework/src/Illuminate/Pipeline/Pipeline.php(167): App\\Http\\Middleware\\BlockedMiddleware->handle(Object(Illuminate\\Http\\Request), Object(Closure))
#46 /Users/chukwuemekainya/Sites/audit-confirmation/admin/vendor/laravel/framework/src/Illuminate/Routing/Middleware/SubstituteBindings.php(50): Illuminate\\Pipeline\\Pipeline->Illuminate\\Pipeline\\{closure}(Object(Illuminate\\Http\\Request))
#47 /Users/chukwuemekainya/Sites/audit-confirmation/admin/vendor/laravel/framework/src/Illuminate/Pipeline/Pipeline.php(167): Illuminate\\Routing\\Middleware\\SubstituteBindings->handle(Object(Illuminate\\Http\\Request), Object(Closure))
#48 /Users/chukwuemekainya/Sites/audit-confirmation/admin/vendor/laravel/framework/src/Illuminate/Auth/Middleware/Authenticate.php(44): Illuminate\\Pipeline\\Pipeline->Illuminate\\Pipeline\\{closure}(Object(Illuminate\\Http\\Request))
#49 /Users/chukwuemekainya/Sites/audit-confirmation/admin/vendor/laravel/framework/src/Illuminate/Pipeline/Pipeline.php(167): Illuminate\\Auth\\Middleware\\Authenticate->handle(Object(Illuminate\\Http\\Request), Object(Closure))
#50 /Users/chukwuemekainya/Sites/audit-confirmation/admin/vendor/laravel/framework/src/Illuminate/Foundation/Http/Middleware/VerifyCsrfToken.php(78): Illuminate\\Pipeline\\Pipeline->Illuminate\\Pipeline\\{closure}(Object(Illuminate\\Http\\Request))
#51 /Users/chukwuemekainya/Sites/audit-confirmation/admin/vendor/laravel/framework/src/Illuminate/Pipeline/Pipeline.php(167): Illuminate\\Foundation\\Http\\Middleware\\VerifyCsrfToken->handle(Object(Illuminate\\Http\\Request), Object(Closure))
#52 /Users/chukwuemekainya/Sites/audit-confirmation/admin/vendor/laravel/framework/src/Illuminate/View/Middleware/ShareErrorsFromSession.php(49): Illuminate\\Pipeline\\Pipeline->Illuminate\\Pipeline\\{closure}(Object(Illuminate\\Http\\Request))
#53 /Users/chukwuemekainya/Sites/audit-confirmation/admin/vendor/laravel/framework/src/Illuminate/Pipeline/Pipeline.php(167): Illuminate\\View\\Middleware\\ShareErrorsFromSession->handle(Object(Illuminate\\Http\\Request), Object(Closure))
#54 /Users/chukwuemekainya/Sites/audit-confirmation/admin/vendor/laravel/framework/src/Illuminate/Session/Middleware/StartSession.php(121): Illuminate\\Pipeline\\Pipeline->Illuminate\\Pipeline\\{closure}(Object(Illuminate\\Http\\Request))
#55 /Users/chukwuemekainya/Sites/audit-confirmation/admin/vendor/laravel/framework/src/Illuminate/Session/Middleware/StartSession.php(64): Illuminate\\Session\\Middleware\\StartSession->handleStatefulRequest(Object(Illuminate\\Http\\Request), Object(Illuminate\\Session\\Store), Object(Closure))
#56 /Users/chukwuemekainya/Sites/audit-confirmation/admin/vendor/laravel/framework/src/Illuminate/Pipeline/Pipeline.php(167): Illuminate\\Session\\Middleware\\StartSession->handle(Object(Illuminate\\Http\\Request), Object(Closure))
#57 /Users/chukwuemekainya/Sites/audit-confirmation/admin/vendor/laravel/framework/src/Illuminate/Cookie/Middleware/AddQueuedCookiesToResponse.php(37): Illuminate\\Pipeline\\Pipeline->Illuminate\\Pipeline\\{closure}(Object(Illuminate\\Http\\Request))
#58 /Users/chukwuemekainya/Sites/audit-confirmation/admin/vendor/laravel/framework/src/Illuminate/Pipeline/Pipeline.php(167): Illuminate\\Cookie\\Middleware\\AddQueuedCookiesToResponse->handle(Object(Illuminate\\Http\\Request), Object(Closure))
#59 /Users/chukwuemekainya/Sites/audit-confirmation/admin/vendor/laravel/framework/src/Illuminate/Cookie/Middleware/EncryptCookies.php(67): Illuminate\\Pipeline\\Pipeline->Illuminate\\Pipeline\\{closure}(Object(Illuminate\\Http\\Request))
#60 /Users/chukwuemekainya/Sites/audit-confirmation/admin/vendor/laravel/framework/src/Illuminate/Pipeline/Pipeline.php(167): Illuminate\\Cookie\\Middleware\\EncryptCookies->handle(Object(Illuminate\\Http\\Request), Object(Closure))
#61 /Users/chukwuemekainya/Sites/audit-confirmation/admin/vendor/laravel/framework/src/Illuminate/Pipeline/Pipeline.php(103): Illuminate\\Pipeline\\Pipeline->Illuminate\\Pipeline\\{closure}(Object(Illuminate\\Http\\Request))
#62 /Users/chukwuemekainya/Sites/audit-confirmation/admin/vendor/laravel/framework/src/Illuminate/Routing/Router.php(719): Illuminate\\Pipeline\\Pipeline->then(Object(Closure))
#63 /Users/chukwuemekainya/Sites/audit-confirmation/admin/vendor/laravel/framework/src/Illuminate/Routing/Router.php(698): Illuminate\\Routing\\Router->runRouteWithinStack(Object(Illuminate\\Routing\\Route), Object(Illuminate\\Http\\Request))
#64 /Users/chukwuemekainya/Sites/audit-confirmation/admin/vendor/laravel/framework/src/Illuminate/Routing/Router.php(662): Illuminate\\Routing\\Router->runRoute(Object(Illuminate\\Http\\Request), Object(Illuminate\\Routing\\Route))
#65 /Users/chukwuemekainya/Sites/audit-confirmation/admin/vendor/laravel/framework/src/Illuminate/Routing/Router.php(651): Illuminate\\Routing\\Router->dispatchToRoute(Object(Illuminate\\Http\\Request))
#66 /Users/chukwuemekainya/Sites/audit-confirmation/admin/vendor/laravel/framework/src/Illuminate/Foundation/Http/Kernel.php(167): Illuminate\\Routing\\Router->dispatch(Object(Illuminate\\Http\\Request))
#67 /Users/chukwuemekainya/Sites/audit-confirmation/admin/vendor/laravel/framework/src/Illuminate/Pipeline/Pipeline.php(128): Illuminate\\Foundation\\Http\\Kernel->Illuminate\\Foundation\\Http\\{closure}(Object(Illuminate\\Http\\Request))
#68 /Users/chukwuemekainya/Sites/audit-confirmation/admin/vendor/laravel/framework/src/Illuminate/Foundation/Http/Middleware/TransformsRequest.php(21): Illuminate\\Pipeline\\Pipeline->Illuminate\\Pipeline\\{closure}(Object(Illuminate\\Http\\Request))
#69 /Users/chukwuemekainya/Sites/audit-confirmation/admin/vendor/laravel/framework/src/Illuminate/Foundation/Http/Middleware/ConvertEmptyStringsToNull.php(31): Illuminate\\Foundation\\Http\\Middleware\\TransformsRequest->handle(Object(Illuminate\\Http\\Request), Object(Closure))
#70 /Users/chukwuemekainya/Sites/audit-confirmation/admin/vendor/laravel/framework/src/Illuminate/Pipeline/Pipeline.php(167): Illuminate\\Foundation\\Http\\Middleware\\ConvertEmptyStringsToNull->handle(Object(Illuminate\\Http\\Request), Object(Closure))
#71 /Users/chukwuemekainya/Sites/audit-confirmation/admin/vendor/laravel/framework/src/Illuminate/Foundation/Http/Middleware/TransformsRequest.php(21): Illuminate\\Pipeline\\Pipeline->Illuminate\\Pipeline\\{closure}(Object(Illuminate\\Http\\Request))
#72 /Users/chukwuemekainya/Sites/audit-confirmation/admin/vendor/laravel/framework/src/Illuminate/Foundation/Http/Middleware/TrimStrings.php(40): Illuminate\\Foundation\\Http\\Middleware\\TransformsRequest->handle(Object(Illuminate\\Http\\Request), Object(Closure))
#73 /Users/chukwuemekainya/Sites/audit-confirmation/admin/vendor/laravel/framework/src/Illuminate/Pipeline/Pipeline.php(167): Illuminate\\Foundation\\Http\\Middleware\\TrimStrings->handle(Object(Illuminate\\Http\\Request), Object(Closure))
#74 /Users/chukwuemekainya/Sites/audit-confirmation/admin/vendor/laravel/framework/src/Illuminate/Foundation/Http/Middleware/ValidatePostSize.php(27): Illuminate\\Pipeline\\Pipeline->Illuminate\\Pipeline\\{closure}(Object(Illuminate\\Http\\Request))
#75 /Users/chukwuemekainya/Sites/audit-confirmation/admin/vendor/laravel/framework/src/Illuminate/Pipeline/Pipeline.php(167): Illuminate\\Foundation\\Http\\Middleware\\ValidatePostSize->handle(Object(Illuminate\\Http\\Request), Object(Closure))
#76 /Users/chukwuemekainya/Sites/audit-confirmation/admin/vendor/laravel/framework/src/Illuminate/Foundation/Http/Middleware/PreventRequestsDuringMaintenance.php(86): Illuminate\\Pipeline\\Pipeline->Illuminate\\Pipeline\\{closure}(Object(Illuminate\\Http\\Request))
#77 /Users/chukwuemekainya/Sites/audit-confirmation/admin/vendor/laravel/framework/src/Illuminate/Pipeline/Pipeline.php(167): Illuminate\\Foundation\\Http\\Middleware\\PreventRequestsDuringMaintenance->handle(Object(Illuminate\\Http\\Request), Object(Closure))
#78 /Users/chukwuemekainya/Sites/audit-confirmation/admin/vendor/fruitcake/laravel-cors/src/HandleCors.php(38): Illuminate\\Pipeline\\Pipeline->Illuminate\\Pipeline\\{closure}(Object(Illuminate\\Http\\Request))
#79 /Users/chukwuemekainya/Sites/audit-confirmation/admin/vendor/laravel/framework/src/Illuminate/Pipeline/Pipeline.php(167): Fruitcake\\Cors\\HandleCors->handle(Object(Illuminate\\Http\\Request), Object(Closure))
#80 /Users/chukwuemekainya/Sites/audit-confirmation/admin/vendor/fideloper/proxy/src/TrustProxies.php(57): Illuminate\\Pipeline\\Pipeline->Illuminate\\Pipeline\\{closure}(Object(Illuminate\\Http\\Request))
#81 /Users/chukwuemekainya/Sites/audit-confirmation/admin/vendor/laravel/framework/src/Illuminate/Pipeline/Pipeline.php(167): Fideloper\\Proxy\\TrustProxies->handle(Object(Illuminate\\Http\\Request), Object(Closure))
#82 /Users/chukwuemekainya/Sites/audit-confirmation/admin/vendor/laravel/framework/src/Illuminate/Pipeline/Pipeline.php(103): Illuminate\\Pipeline\\Pipeline->Illuminate\\Pipeline\\{closure}(Object(Illuminate\\Http\\Request))
#83 /Users/chukwuemekainya/Sites/audit-confirmation/admin/vendor/laravel/framework/src/Illuminate/Foundation/Http/Kernel.php(142): Illuminate\\Pipeline\\Pipeline->then(Object(Closure))
#84 /Users/chukwuemekainya/Sites/audit-confirmation/admin/vendor/laravel/framework/src/Illuminate/Foundation/Http/Kernel.php(111): Illuminate\\Foundation\\Http\\Kernel->sendRequestThroughRouter(Object(Illuminate\\Http\\Request))
#85 /Users/chukwuemekainya/Sites/audit-confirmation/admin/public/index.php(51): Illuminate\\Foundation\\Http\\Kernel->handle(Object(Illuminate\\Http\\Request))
#86 /Users/chukwuemekainya/Sites/audit-confirmation/admin/server.php(21): require_once('/Users/chukwuem...')
#87 {main}

[previous exception] [object] (PDOException(code: 42S22): SQLSTATE[42S22]: Column not found: 1054 Unknown column 'banker_profiles.auditor_id' in 'where clause' at /Users/chukwuemekainya/Sites/audit-confirmation/admin/vendor/laravel/framework/src/Illuminate/Database/Connection.php:368)
[stacktrace]
#0 /Users/chukwuemekainya/Sites/audit-confirmation/admin/vendor/laravel/framework/src/Illuminate/Database/Connection.php(368): PDO->prepare('select * from `...')
#1 /Users/chukwuemekainya/Sites/audit-confirmation/admin/vendor/laravel/framework/src/Illuminate/Database/Connection.php(705): Illuminate\\Database\\Connection->Illuminate\\Database\\{closure}('select * from `...', Array)
#2 /Users/chukwuemekainya/Sites/audit-confirmation/admin/vendor/laravel/framework/src/Illuminate/Database/Connection.php(672): Illuminate\\Database\\Connection->runQueryCallback('select * from `...', Array, Object(Closure))
#3 /Users/chukwuemekainya/Sites/audit-confirmation/admin/vendor/laravel/framework/src/Illuminate/Database/Connection.php(359): Illuminate\\Database\\Connection->run('select * from `...', Array, Object(Closure))
#4 /Users/chukwuemekainya/Sites/audit-confirmation/admin/vendor/laravel/framework/src/Illuminate/Database/Query/Builder.php(2413): Illuminate\\Database\\Connection->select('select * from `...', Array, true)
#5 /Users/chukwuemekainya/Sites/audit-confirmation/admin/vendor/laravel/framework/src/Illuminate/Database/Query/Builder.php(2402): Illuminate\\Database\\Query\\Builder->runSelect()
#6 /Users/chukwuemekainya/Sites/audit-confirmation/admin/vendor/laravel/framework/src/Illuminate/Database/Query/Builder.php(2936): Illuminate\\Database\\Query\\Builder->Illuminate\\Database\\Query\\{closure}()
#7 /Users/chukwuemekainya/Sites/audit-confirmation/admin/vendor/laravel/framework/src/Illuminate/Database/Query/Builder.php(2401): Illuminate\\Database\\Query\\Builder->onceWithColumns(Array, Object(Closure))
#8 /Users/chukwuemekainya/Sites/audit-confirmation/admin/vendor/laravel/framework/src/Illuminate/Database/Eloquent/Builder.php(625): Illuminate\\Database\\Query\\Builder->get(Array)
#9 /Users/chukwuemekainya/Sites/audit-confirmation/admin/vendor/laravel/framework/src/Illuminate/Database/Eloquent/Builder.php(609): Illuminate\\Database\\Eloquent\\Builder->getModels(Array)
#10 /Users/chukwuemekainya/Sites/audit-confirmation/admin/vendor/laravel/framework/src/Illuminate/Database/Concerns/BuildsQueries.php(294): Illuminate\\Database\\Eloquent\\Builder->get(Array)
#11 /Users/chukwuemekainya/Sites/audit-confirmation/admin/vendor/laravel/framework/src/Illuminate/Database/Eloquent/Relations/HasOne.php(29): Illuminate\\Database\\Eloquent\\Builder->first()
#12 /Users/chukwuemekainya/Sites/audit-confirmation/admin/vendor/laravel/framework/src/Illuminate/Database/Eloquent/Concerns/HasAttributes.php(553): Illuminate\\Database\\Eloquent\\Relations\\HasOne->getResults()
#13 /Users/chukwuemekainya/Sites/audit-confirmation/admin/vendor/laravel/framework/src/Illuminate/Database/Eloquent/Concerns/HasAttributes.php(491): Illuminate\\Database\\Eloquent\\Model->getRelationshipFromMethod('profile')
#14 /Users/chukwuemekainya/Sites/audit-confirmation/admin/vendor/laravel/framework/src/Illuminate/Database/Eloquent/Concerns/HasAttributes.php(440): Illuminate\\Database\\Eloquent\\Model->getRelationValue('profile')
#15 /Users/chukwuemekainya/Sites/audit-confirmation/admin/vendor/laravel/framework/src/Illuminate/Database/Eloquent/Model.php(2029): Illuminate\\Database\\Eloquent\\Model->getAttribute('profile')
#16 /Users/chukwuemekainya/Sites/audit-confirmation/admin/app/Models/Banker.php(19): Illuminate\\Database\\Eloquent\\Model->__get('profile')
#17 /Users/chukwuemekainya/Sites/audit-confirmation/admin/app/Jobs/AddBankerJob.php(48): App\\Models\\Banker->name()
#18 /Users/chukwuemekainya/Sites/audit-confirmation/admin/vendor/laravel/framework/src/Illuminate/Container/BoundMethod.php(36): App\\Jobs\\AddBankerJob->handle()
#19 /Users/chukwuemekainya/Sites/audit-confirmation/admin/vendor/laravel/framework/src/Illuminate/Container/Util.php(40): Illuminate\\Container\\BoundMethod::Illuminate\\Container\\{closure}()
#20 /Users/chukwuemekainya/Sites/audit-confirmation/admin/vendor/laravel/framework/src/Illuminate/Container/BoundMethod.php(93): Illuminate\\Container\\Util::unwrapIfClosure(Object(Closure))
#21 /Users/chukwuemekainya/Sites/audit-confirmation/admin/vendor/laravel/framework/src/Illuminate/Container/BoundMethod.php(35): Illuminate\\Container\\BoundMethod::callBoundMethod(Object(Illuminate\\Foundation\\Application), Array, Object(Closure))
#22 /Users/chukwuemekainya/Sites/audit-confirmation/admin/vendor/laravel/framework/src/Illuminate/Container/Container.php(653): Illuminate\\Container\\BoundMethod::call(Object(Illuminate\\Foundation\\Application), Array, Array, NULL)
#23 /Users/chukwuemekainya/Sites/audit-confirmation/admin/vendor/laravel/framework/src/Illuminate/Bus/Dispatcher.php(128): Illuminate\\Container\\Container->call(Array)
#24 /Users/chukwuemekainya/Sites/audit-confirmation/admin/vendor/laravel/framework/src/Illuminate/Pipeline/Pipeline.php(128): Illuminate\\Bus\\Dispatcher->Illuminate\\Bus\\{closure}(Object(App\\Jobs\\AddBankerJob))
#25 /Users/chukwuemekainya/Sites/audit-confirmation/admin/vendor/laravel/framework/src/Illuminate/Pipeline/Pipeline.php(103): Illuminate\\Pipeline\\Pipeline->Illuminate\\Pipeline\\{closure}(Object(App\\Jobs\\AddBankerJob))
#26 /Users/chukwuemekainya/Sites/audit-confirmation/admin/vendor/laravel/framework/src/Illuminate/Bus/Dispatcher.php(132): Illuminate\\Pipeline\\Pipeline->then(Object(Closure))
#27 /Users/chukwuemekainya/Sites/audit-confirmation/admin/vendor/laravel/framework/src/Illuminate/Queue/CallQueuedHandler.php(119): Illuminate\\Bus\\Dispatcher->dispatchNow(Object(App\\Jobs\\AddBankerJob), false)
#28 /Users/chukwuemekainya/Sites/audit-confirmation/admin/vendor/laravel/framework/src/Illuminate/Pipeline/Pipeline.php(128): Illuminate\\Queue\\CallQueuedHandler->Illuminate\\Queue\\{closure}(Object(App\\Jobs\\AddBankerJob))
#29 /Users/chukwuemekainya/Sites/audit-confirmation/admin/vendor/laravel/framework/src/Illuminate/Pipeline/Pipeline.php(103): Illuminate\\Pipeline\\Pipeline->Illuminate\\Pipeline\\{closure}(Object(App\\Jobs\\AddBankerJob))
#30 /Users/chukwuemekainya/Sites/audit-confirmation/admin/vendor/laravel/framework/src/Illuminate/Queue/CallQueuedHandler.php(118): Illuminate\\Pipeline\\Pipeline->then(Object(Closure))
#31 /Users/chukwuemekainya/Sites/audit-confirmation/admin/vendor/laravel/framework/src/Illuminate/Queue/CallQueuedHandler.php(70): Illuminate\\Queue\\CallQueuedHandler->dispatchThroughMiddleware(Object(Illuminate\\Queue\\Jobs\\SyncJob), Object(App\\Jobs\\AddBankerJob))
#32 /Users/chukwuemekainya/Sites/audit-confirmation/admin/vendor/laravel/framework/src/Illuminate/Queue/Jobs/Job.php(98): Illuminate\\Queue\\CallQueuedHandler->call(Object(Illuminate\\Queue\\Jobs\\SyncJob), Array)
#33 /Users/chukwuemekainya/Sites/audit-confirmation/admin/vendor/laravel/framework/src/Illuminate/Queue/SyncQueue.php(43): Illuminate\\Queue\\Jobs\\Job->fire()
#34 /Users/chukwuemekainya/Sites/audit-confirmation/admin/vendor/laravel/framework/src/Illuminate/Bus/Dispatcher.php(253): Illuminate\\Queue\\SyncQueue->push(Object(App\\Jobs\\AddBankerJob))
#35 /Users/chukwuemekainya/Sites/audit-confirmation/admin/vendor/laravel/framework/src/Illuminate/Bus/Dispatcher.php(229): Illuminate\\Bus\\Dispatcher->pushCommandToQueue(Object(Illuminate\\Queue\\SyncQueue), Object(App\\Jobs\\AddBankerJob))
#36 /Users/chukwuemekainya/Sites/audit-confirmation/admin/vendor/laravel/framework/src/Illuminate/Bus/Dispatcher.php(77): Illuminate\\Bus\\Dispatcher->dispatchToQueue(Object(App\\Jobs\\AddBankerJob))
#37 /Users/chukwuemekainya/Sites/audit-confirmation/admin/vendor/laravel/framework/src/Illuminate/Foundation/Bus/PendingDispatch.php(193): Illuminate\\Bus\\Dispatcher->dispatch(Object(App\\Jobs\\AddBankerJob))
#38 /Users/chukwuemekainya/Sites/audit-confirmation/admin/vendor/laravel/framework/src/Illuminate/Foundation/Bus/Dispatchable.php(17): Illuminate\\Foundation\\Bus\\PendingDispatch->__destruct()
#39 /Users/chukwuemekainya/Sites/audit-confirmation/admin/app/Http/Controllers/BankController.php(77): App\\Jobs\\AddBankerJob::dispatch(Object(App\\Models\\Bank), Object(App\\Models\\Banker), '$2y$10$ZbAQrWgt...')
#40 /Users/chukwuemekainya/Sites/audit-confirmation/admin/vendor/laravel/framework/src/Illuminate/Routing/Controller.php(54): App\\Http\\Controllers\\BankController->store(Object(App\\Http\\Requests\\BankRequest))
#41 /Users/chukwuemekainya/Sites/audit-confirmation/admin/vendor/laravel/framework/src/Illuminate/Routing/ControllerDispatcher.php(45): Illuminate\\Routing\\Controller->callAction('store', Array)
#42 /Users/chukwuemekainya/Sites/audit-confirmation/admin/vendor/laravel/framework/src/Illuminate/Routing/Route.php(261): Illuminate\\Routing\\ControllerDispatcher->dispatch(Object(Illuminate\\Routing\\Route), Object(App\\Http\\Controllers\\BankController), 'store')
#43 /Users/chukwuemekainya/Sites/audit-confirmation/admin/vendor/laravel/framework/src/Illuminate/Routing/Route.php(205): Illuminate\\Routing\\Route->runController()
#44 /Users/chukwuemekainya/Sites/audit-confirmation/admin/vendor/laravel/framework/src/Illuminate/Routing/Router.php(721): Illuminate\\Routing\\Route->run()
#45 /Users/chukwuemekainya/Sites/audit-confirmation/admin/vendor/laravel/framework/src/Illuminate/Pipeline/Pipeline.php(128): Illuminate\\Routing\\Router->Illuminate\\Routing\\{closure}(Object(Illuminate\\Http\\Request))
#46 /Users/chukwuemekainya/Sites/audit-confirmation/admin/app/Http/Middleware/BlockedMiddleware.php(24): Illuminate\\Pipeline\\Pipeline->Illuminate\\Pipeline\\{closure}(Object(Illuminate\\Http\\Request))
#47 /Users/chukwuemekainya/Sites/audit-confirmation/admin/vendor/laravel/framework/src/Illuminate/Pipeline/Pipeline.php(167): App\\Http\\Middleware\\BlockedMiddleware->handle(Object(Illuminate\\Http\\Request), Object(Closure))
#48 /Users/chukwuemekainya/Sites/audit-confirmation/admin/vendor/laravel/framework/src/Illuminate/Routing/Middleware/SubstituteBindings.php(50): Illuminate\\Pipeline\\Pipeline->Illuminate\\Pipeline\\{closure}(Object(Illuminate\\Http\\Request))
#49 /Users/chukwuemekainya/Sites/audit-confirmation/admin/vendor/laravel/framework/src/Illuminate/Pipeline/Pipeline.php(167): Illuminate\\Routing\\Middleware\\SubstituteBindings->handle(Object(Illuminate\\Http\\Request), Object(Closure))
#50 /Users/chukwuemekainya/Sites/audit-confirmation/admin/vendor/laravel/framework/src/Illuminate/Auth/Middleware/Authenticate.php(44): Illuminate\\Pipeline\\Pipeline->Illuminate\\Pipeline\\{closure}(Object(Illuminate\\Http\\Request))
#51 /Users/chukwuemekainya/Sites/audit-confirmation/admin/vendor/laravel/framework/src/Illuminate/Pipeline/Pipeline.php(167): Illuminate\\Auth\\Middleware\\Authenticate->handle(Object(Illuminate\\Http\\Request), Object(Closure))
#52 /Users/chukwuemekainya/Sites/audit-confirmation/admin/vendor/laravel/framework/src/Illuminate/Foundation/Http/Middleware/VerifyCsrfToken.php(78): Illuminate\\Pipeline\\Pipeline->Illuminate\\Pipeline\\{closure}(Object(Illuminate\\Http\\Request))
#53 /Users/chukwuemekainya/Sites/audit-confirmation/admin/vendor/laravel/framework/src/Illuminate/Pipeline/Pipeline.php(167): Illuminate\\Foundation\\Http\\Middleware\\VerifyCsrfToken->handle(Object(Illuminate\\Http\\Request), Object(Closure))
#54 /Users/chukwuemekainya/Sites/audit-confirmation/admin/vendor/laravel/framework/src/Illuminate/View/Middleware/ShareErrorsFromSession.php(49): Illuminate\\Pipeline\\Pipeline->Illuminate\\Pipeline\\{closure}(Object(Illuminate\\Http\\Request))
#55 /Users/chukwuemekainya/Sites/audit-confirmation/admin/vendor/laravel/framework/src/Illuminate/Pipeline/Pipeline.php(167): Illuminate\\View\\Middleware\\ShareErrorsFromSession->handle(Object(Illuminate\\Http\\Request), Object(Closure))
#56 /Users/chukwuemekainya/Sites/audit-confirmation/admin/vendor/laravel/framework/src/Illuminate/Session/Middleware/StartSession.php(121): Illuminate\\Pipeline\\Pipeline->Illuminate\\Pipeline\\{closure}(Object(Illuminate\\Http\\Request))
#57 /Users/chukwuemekainya/Sites/audit-confirmation/admin/vendor/laravel/framework/src/Illuminate/Session/Middleware/StartSession.php(64): Illuminate\\Session\\Middleware\\StartSession->handleStatefulRequest(Object(Illuminate\\Http\\Request), Object(Illuminate\\Session\\Store), Object(Closure))
#58 /Users/chukwuemekainya/Sites/audit-confirmation/admin/vendor/laravel/framework/src/Illuminate/Pipeline/Pipeline.php(167): Illuminate\\Session\\Middleware\\StartSession->handle(Object(Illuminate\\Http\\Request), Object(Closure))
#59 /Users/chukwuemekainya/Sites/audit-confirmation/admin/vendor/laravel/framework/src/Illuminate/Cookie/Middleware/AddQueuedCookiesToResponse.php(37): Illuminate\\Pipeline\\Pipeline->Illuminate\\Pipeline\\{closure}(Object(Illuminate\\Http\\Request))
#60 /Users/chukwuemekainya/Sites/audit-confirmation/admin/vendor/laravel/framework/src/Illuminate/Pipeline/Pipeline.php(167): Illuminate\\Cookie\\Middleware\\AddQueuedCookiesToResponse->handle(Object(Illuminate\\Http\\Request), Object(Closure))
#61 /Users/chukwuemekainya/Sites/audit-confirmation/admin/vendor/laravel/framework/src/Illuminate/Cookie/Middleware/EncryptCookies.php(67): Illuminate\\Pipeline\\Pipeline->Illuminate\\Pipeline\\{closure}(Object(Illuminate\\Http\\Request))
#62 /Users/chukwuemekainya/Sites/audit-confirmation/admin/vendor/laravel/framework/src/Illuminate/Pipeline/Pipeline.php(167): Illuminate\\Cookie\\Middleware\\EncryptCookies->handle(Object(Illuminate\\Http\\Request), Object(Closure))
#63 /Users/chukwuemekainya/Sites/audit-confirmation/admin/vendor/laravel/framework/src/Illuminate/Pipeline/Pipeline.php(103): Illuminate\\Pipeline\\Pipeline->Illuminate\\Pipeline\\{closure}(Object(Illuminate\\Http\\Request))
#64 /Users/chukwuemekainya/Sites/audit-confirmation/admin/vendor/laravel/framework/src/Illuminate/Routing/Router.php(719): Illuminate\\Pipeline\\Pipeline->then(Object(Closure))
#65 /Users/chukwuemekainya/Sites/audit-confirmation/admin/vendor/laravel/framework/src/Illuminate/Routing/Router.php(698): Illuminate\\Routing\\Router->runRouteWithinStack(Object(Illuminate\\Routing\\Route), Object(Illuminate\\Http\\Request))
#66 /Users/chukwuemekainya/Sites/audit-confirmation/admin/vendor/laravel/framework/src/Illuminate/Routing/Router.php(662): Illuminate\\Routing\\Router->runRoute(Object(Illuminate\\Http\\Request), Object(Illuminate\\Routing\\Route))
#67 /Users/chukwuemekainya/Sites/audit-confirmation/admin/vendor/laravel/framework/src/Illuminate/Routing/Router.php(651): Illuminate\\Routing\\Router->dispatchToRoute(Object(Illuminate\\Http\\Request))
#68 /Users/chukwuemekainya/Sites/audit-confirmation/admin/vendor/laravel/framework/src/Illuminate/Foundation/Http/Kernel.php(167): Illuminate\\Routing\\Router->dispatch(Object(Illuminate\\Http\\Request))
#69 /Users/chukwuemekainya/Sites/audit-confirmation/admin/vendor/laravel/framework/src/Illuminate/Pipeline/Pipeline.php(128): Illuminate\\Foundation\\Http\\Kernel->Illuminate\\Foundation\\Http\\{closure}(Object(Illuminate\\Http\\Request))
#70 /Users/chukwuemekainya/Sites/audit-confirmation/admin/vendor/laravel/framework/src/Illuminate/Foundation/Http/Middleware/TransformsRequest.php(21): Illuminate\\Pipeline\\Pipeline->Illuminate\\Pipeline\\{closure}(Object(Illuminate\\Http\\Request))
#71 /Users/chukwuemekainya/Sites/audit-confirmation/admin/vendor/laravel/framework/src/Illuminate/Foundation/Http/Middleware/ConvertEmptyStringsToNull.php(31): Illuminate\\Foundation\\Http\\Middleware\\TransformsRequest->handle(Object(Illuminate\\Http\\Request), Object(Closure))
#72 /Users/chukwuemekainya/Sites/audit-confirmation/admin/vendor/laravel/framework/src/Illuminate/Pipeline/Pipeline.php(167): Illuminate\\Foundation\\Http\\Middleware\\ConvertEmptyStringsToNull->handle(Object(Illuminate\\Http\\Request), Object(Closure))
#73 /Users/chukwuemekainya/Sites/audit-confirmation/admin/vendor/laravel/framework/src/Illuminate/Foundation/Http/Middleware/TransformsRequest.php(21): Illuminate\\Pipeline\\Pipeline->Illuminate\\Pipeline\\{closure}(Object(Illuminate\\Http\\Request))
#74 /Users/chukwuemekainya/Sites/audit-confirmation/admin/vendor/laravel/framework/src/Illuminate/Foundation/Http/Middleware/TrimStrings.php(40): Illuminate\\Foundation\\Http\\Middleware\\TransformsRequest->handle(Object(Illuminate\\Http\\Request), Object(Closure))
#75 /Users/chukwuemekainya/Sites/audit-confirmation/admin/vendor/laravel/framework/src/Illuminate/Pipeline/Pipeline.php(167): Illuminate\\Foundation\\Http\\Middleware\\TrimStrings->handle(Object(Illuminate\\Http\\Request), Object(Closure))
#76 /Users/chukwuemekainya/Sites/audit-confirmation/admin/vendor/laravel/framework/src/Illuminate/Foundation/Http/Middleware/ValidatePostSize.php(27): Illuminate\\Pipeline\\Pipeline->Illuminate\\Pipeline\\{closure}(Object(Illuminate\\Http\\Request))
#77 /Users/chukwuemekainya/Sites/audit-confirmation/admin/vendor/laravel/framework/src/Illuminate/Pipeline/Pipeline.php(167): Illuminate\\Foundation\\Http\\Middleware\\ValidatePostSize->handle(Object(Illuminate\\Http\\Request), Object(Closure))
#78 /Users/chukwuemekainya/Sites/audit-confirmation/admin/vendor/laravel/framework/src/Illuminate/Foundation/Http/Middleware/PreventRequestsDuringMaintenance.php(86): Illuminate\\Pipeline\\Pipeline->Illuminate\\Pipeline\\{closure}(Object(Illuminate\\Http\\Request))
#79 /Users/chukwuemekainya/Sites/audit-confirmation/admin/vendor/laravel/framework/src/Illuminate/Pipeline/Pipeline.php(167): Illuminate\\Foundation\\Http\\Middleware\\PreventRequestsDuringMaintenance->handle(Object(Illuminate\\Http\\Request), Object(Closure))
#80 /Users/chukwuemekainya/Sites/audit-confirmation/admin/vendor/fruitcake/laravel-cors/src/HandleCors.php(38): Illuminate\\Pipeline\\Pipeline->Illuminate\\Pipeline\\{closure}(Object(Illuminate\\Http\\Request))
#81 /Users/chukwuemekainya/Sites/audit-confirmation/admin/vendor/laravel/framework/src/Illuminate/Pipeline/Pipeline.php(167): Fruitcake\\Cors\\HandleCors->handle(Object(Illuminate\\Http\\Request), Object(Closure))
#82 /Users/chukwuemekainya/Sites/audit-confirmation/admin/vendor/fideloper/proxy/src/TrustProxies.php(57): Illuminate\\Pipeline\\Pipeline->Illuminate\\Pipeline\\{closure}(Object(Illuminate\\Http\\Request))
#83 /Users/chukwuemekainya/Sites/audit-confirmation/admin/vendor/laravel/framework/src/Illuminate/Pipeline/Pipeline.php(167): Fideloper\\Proxy\\TrustProxies->handle(Object(Illuminate\\Http\\Request), Object(Closure))
#84 /Users/chukwuemekainya/Sites/audit-confirmation/admin/vendor/laravel/framework/src/Illuminate/Pipeline/Pipeline.php(103): Illuminate\\Pipeline\\Pipeline->Illuminate\\Pipeline\\{closure}(Object(Illuminate\\Http\\Request))
#85 /Users/chukwuemekainya/Sites/audit-confirmation/admin/vendor/laravel/framework/src/Illuminate/Foundation/Http/Kernel.php(142): Illuminate\\Pipeline\\Pipeline->then(Object(Closure))
#86 /Users/chukwuemekainya/Sites/audit-confirmation/admin/vendor/laravel/framework/src/Illuminate/Foundation/Http/Kernel.php(111): Illuminate\\Foundation\\Http\\Kernel->sendRequestThroughRouter(Object(Illuminate\\Http\\Request))
#87 /Users/chukwuemekainya/Sites/audit-confirmation/admin/public/index.php(51): Illuminate\\Foundation\\Http\\Kernel->handle(Object(Illuminate\\Http\\Request))
#88 /Users/chukwuemekainya/Sites/audit-confirmation/admin/server.php(21): require_once('/Users/chukwuem...')
#89 {main}
"} 
[2023-09-08 09:10:34] local.ERROR: Error: config/permission.php not loaded. Run [php artisan config:clear] and try again. {"exception":"[object] (Exception(code: 0): Error: config/permission.php not loaded. Run [php artisan config:clear] and try again. at /Users/chukwuemekainya/Sites/audit-confirmation/admin/database/migrations/2023_09_08_090256_create_permission_tables.php:22)
[stacktrace]
#0 /Users/chukwuemekainya/Sites/audit-confirmation/admin/vendor/laravel/framework/src/Illuminate/Database/Migrations/Migrator.php(472): CreatePermissionTables->up()
#1 /Users/chukwuemekainya/Sites/audit-confirmation/admin/vendor/laravel/framework/src/Illuminate/Database/Migrations/Migrator.php(394): Illuminate\\Database\\Migrations\\Migrator->runMethod(Object(Illuminate\\Database\\MySqlConnection), Object(CreatePermissionTables), 'up')
#2 /Users/chukwuemekainya/Sites/audit-confirmation/admin/vendor/laravel/framework/src/Illuminate/Database/Migrations/Migrator.php(403): Illuminate\\Database\\Migrations\\Migrator->Illuminate\\Database\\Migrations\\{closure}()
#3 /Users/chukwuemekainya/Sites/audit-confirmation/admin/vendor/laravel/framework/src/Illuminate/Database/Migrations/Migrator.php(202): Illuminate\\Database\\Migrations\\Migrator->runMigration(Object(CreatePermissionTables), 'up')
#4 /Users/chukwuemekainya/Sites/audit-confirmation/admin/vendor/laravel/framework/src/Illuminate/Database/Migrations/Migrator.php(167): Illuminate\\Database\\Migrations\\Migrator->runUp('/Users/chukwuem...', 2, false)
#5 /Users/chukwuemekainya/Sites/audit-confirmation/admin/vendor/laravel/framework/src/Illuminate/Database/Migrations/Migrator.php(112): Illuminate\\Database\\Migrations\\Migrator->runPending(Array, Array)
#6 /Users/chukwuemekainya/Sites/audit-confirmation/admin/vendor/laravel/framework/src/Illuminate/Database/Console/Migrations/MigrateCommand.php(84): Illuminate\\Database\\Migrations\\Migrator->run(Array, Array)
#7 /Users/chukwuemekainya/Sites/audit-confirmation/admin/vendor/laravel/framework/src/Illuminate/Database/Migrations/Migrator.php(606): Illuminate\\Database\\Console\\Migrations\\MigrateCommand->Illuminate\\Database\\Console\\Migrations\\{closure}()
#8 /Users/chukwuemekainya/Sites/audit-confirmation/admin/vendor/laravel/framework/src/Illuminate/Database/Console/Migrations/MigrateCommand.php(77): Illuminate\\Database\\Migrations\\Migrator->usingConnection(NULL, Object(Closure))
#9 /Users/chukwuemekainya/Sites/audit-confirmation/admin/vendor/laravel/framework/src/Illuminate/Container/BoundMethod.php(36): Illuminate\\Database\\Console\\Migrations\\MigrateCommand->handle()
#10 /Users/chukwuemekainya/Sites/audit-confirmation/admin/vendor/laravel/framework/src/Illuminate/Container/Util.php(40): Illuminate\\Container\\BoundMethod::Illuminate\\Container\\{closure}()
#11 /Users/chukwuemekainya/Sites/audit-confirmation/admin/vendor/laravel/framework/src/Illuminate/Container/BoundMethod.php(93): Illuminate\\Container\\Util::unwrapIfClosure(Object(Closure))
#12 /Users/chukwuemekainya/Sites/audit-confirmation/admin/vendor/laravel/framework/src/Illuminate/Container/BoundMethod.php(35): Illuminate\\Container\\BoundMethod::callBoundMethod(Object(Illuminate\\Foundation\\Application), Array, Object(Closure))
#13 /Users/chukwuemekainya/Sites/audit-confirmation/admin/vendor/laravel/framework/src/Illuminate/Container/Container.php(653): Illuminate\\Container\\BoundMethod::call(Object(Illuminate\\Foundation\\Application), Array, Array, NULL)
#14 /Users/chukwuemekainya/Sites/audit-confirmation/admin/vendor/laravel/framework/src/Illuminate/Console/Command.php(136): Illuminate\\Container\\Container->call(Array)
#15 /Users/chukwuemekainya/Sites/audit-confirmation/admin/vendor/symfony/console/Command/Command.php(298): Illuminate\\Console\\Command->execute(Object(Symfony\\Component\\Console\\Input\\ArgvInput), Object(Illuminate\\Console\\OutputStyle))
#16 /Users/chukwuemekainya/Sites/audit-confirmation/admin/vendor/laravel/framework/src/Illuminate/Console/Command.php(120): Symfony\\Component\\Console\\Command\\Command->run(Object(Symfony\\Component\\Console\\Input\\ArgvInput), Object(Illuminate\\Console\\OutputStyle))
#17 /Users/chukwuemekainya/Sites/audit-confirmation/admin/vendor/symfony/console/Application.php(1040): Illuminate\\Console\\Command->run(Object(Symfony\\Component\\Console\\Input\\ArgvInput), Object(Symfony\\Component\\Console\\Output\\ConsoleOutput))
#18 /Users/chukwuemekainya/Sites/audit-confirmation/admin/vendor/symfony/console/Application.php(301): Symfony\\Component\\Console\\Application->doRunCommand(Object(Illuminate\\Database\\Console\\Migrations\\MigrateCommand), Object(Symfony\\Component\\Console\\Input\\ArgvInput), Object(Symfony\\Component\\Console\\Output\\ConsoleOutput))
#19 /Users/chukwuemekainya/Sites/audit-confirmation/admin/vendor/symfony/console/Application.php(171): Symfony\\Component\\Console\\Application->doRun(Object(Symfony\\Component\\Console\\Input\\ArgvInput), Object(Symfony\\Component\\Console\\Output\\ConsoleOutput))
#20 /Users/chukwuemekainya/Sites/audit-confirmation/admin/vendor/laravel/framework/src/Illuminate/Console/Application.php(94): Symfony\\Component\\Console\\Application->run(Object(Symfony\\Component\\Console\\Input\\ArgvInput), Object(Symfony\\Component\\Console\\Output\\ConsoleOutput))
#21 /Users/chukwuemekainya/Sites/audit-confirmation/admin/vendor/laravel/framework/src/Illuminate/Foundation/Console/Kernel.php(129): Illuminate\\Console\\Application->run(Object(Symfony\\Component\\Console\\Input\\ArgvInput), Object(Symfony\\Component\\Console\\Output\\ConsoleOutput))
#22 /Users/chukwuemekainya/Sites/audit-confirmation/admin/artisan(35): Illuminate\\Foundation\\Console\\Kernel->handle(Object(Symfony\\Component\\Console\\Input\\ArgvInput), Object(Symfony\\Component\\Console\\Output\\ConsoleOutput))
#23 {main}
"} 
[2023-09-08 09:25:14] local.ERROR: Cannot declare class App\Models\AuditorRole, because the name is already in use {"exception":"[object] (Symfony\\Component\\ErrorHandler\\Error\\FatalError(code: 0): Cannot declare class App\\Models\\AuditorRole, because the name is already in use at /Users/chukwuemekainya/Sites/audit-confirmation/admin/app/Models/AuditorRole.php:8)
[stacktrace]
#0 {main}
"} 
[2023-09-08 09:25:26] local.ERROR: Cannot declare class App\Models\AuditorRole, because the name is already in use {"exception":"[object] (Symfony\\Component\\ErrorHandler\\Error\\FatalError(code: 0): Cannot declare class App\\Models\\AuditorRole, because the name is already in use at /Users/chukwuemekainya/Sites/audit-confirmation/admin/app/Models/BankerRole.php:8)
[stacktrace]
#0 {main}
"} 
[2023-09-08 09:25:29] local.ERROR: Cannot declare class App\Models\AuditorRole, because the name is already in use {"exception":"[object] (Symfony\\Component\\ErrorHandler\\Error\\FatalError(code: 0): Cannot declare class App\\Models\\AuditorRole, because the name is already in use at /Users/chukwuemekainya/Sites/audit-confirmation/admin/app/Models/BankerRole.php:8)
[stacktrace]
#0 {main}
"} 
[2023-09-08 09:35:35] local.ERROR: Cannot declare class CreateAuditorRolesTable, because the name is already in use {"exception":"[object] (Symfony\\Component\\ErrorHandler\\Error\\FatalError(code: 0): Cannot declare class CreateAuditorRolesTable, because the name is already in use at /Users/chukwuemekainya/Sites/audit-confirmation/admin/database/migrations/2014_10_11_074245_create_banker_roles_table.php:7)
[stacktrace]
#0 {main}
"} 
[2023-09-08 09:57:05] local.INFO: array (
  'Unable to Create Bank' => 'SQLSTATE[HY000]: General error: 1364 Field \'subdomain\' doesn\'t have a default value (SQL: insert into `banks` (`name`, `bank_code`, `website`, `email`, `updated_at`, `created_at`) values (Guaranty Trust Bank, EA-3433695-B, ?, ?, 2023-09-08 09:57:05, 2023-09-08 09:57:05))',
)  
[2023-09-08 09:58:05] local.INFO: array (
  'Unable to Create Bank' => 'Attempt to read property "id" on null',
)  
